<?xml version="1.0" encoding="UTF-8"?>
<testsuite name="org.example.TestMain" tests="12" skipped="0" failures="0" errors="0" timestamp="2023-12-21T08:37:58" hostname="LAPTOP-LRKUTFC6" time="0.537">
  <properties/>
  <testcase name="coliziuniCicluStudiiContestatii10()" classname="org.example.TestMain" time="0.155"/>
  <testcase name="coliziuniMedie08()" classname="org.example.TestMain" time="0.027"/>
  <testcase name="toateFunctionalitatile12()" classname="org.example.TestMain" time="0.076"/>
  <testcase name="inroleazaSimplu05()" classname="org.example.TestMain" time="0.023"/>
  <testcase name="posteazaMedii01()" classname="org.example.TestMain" time="0.017"/>
  <testcase name="posteazaMediiContestatii02()" classname="org.example.TestMain" time="0.023"/>
  <testcase name="posteazaMediiContestatii03()" classname="org.example.TestMain" time="0.031"/>
  <testcase name="posteazaMediiContestatii04()" classname="org.example.TestMain" time="0.023"/>
  <testcase name="inroleazaCicluStudiiContestatii07()" classname="org.example.TestMain" time="0.041"/>
  <testcase name="inroleazaCicluStudii06()" classname="org.example.TestMain" time="0.033"/>
  <testcase name="coliziuniCicluStudii09()" classname="org.example.TestMain" time="0.047"/>
  <testcase name="exceptieSimplu11()" classname="org.example.TestMain" time="0.018"/>
  <system-out><![CDATA[Liam licenta: true, master: false  ____  9.4
Bella licenta: true, master: false  ____  9.2
Grace licenta: false, master: true  ____  9.1
Jayden licenta: true, master: false  ____  9.1
Mia licenta: false, master: true  ____  9.1
Daisy licenta: true, master: false  ____  9.0
Harper licenta: true, master: false  ____  8.9
Fiona licenta: true, master: false  ____  8.8
Jack licenta: false, master: true  ____  8.8
Isla licenta: true, master: false  ____  8.6
Isabel licenta: false, master: true  ____  8.5
Larry licenta: false, master: true  ____  8.5
Noah licenta: false, master: true  ____  8.5
Gavin licenta: true, master: false  ____  8.4
Kennedy licenta: true, master: false  ____  8.2
Elijah licenta: true, master: false  ____  7.3
Aiden licenta: true, master: false  ____  6.5
Henry licenta: false, master: true  ____  6.5
Carter licenta: true, master: false  ____  5.5
Karen licenta: false, master: true  ____  5.0
Liam licenta: true, master: false  ____  9.4
Elijah licenta: true, master: false  ____  9.3
Bella licenta: true, master: false  ____  9.2
Grace licenta: false, master: true  ____  9.1
Jayden licenta: true, master: false  ____  9.1
Mia licenta: false, master: true  ____  9.1
Daisy licenta: true, master: false  ____  9.0
Harper licenta: true, master: false  ____  8.9
Fiona licenta: true, master: false  ____  8.8
Jack licenta: false, master: true  ____  8.8
Aiden licenta: true, master: false  ____  8.7
Carter licenta: true, master: false  ____  8.6
Isla licenta: true, master: false  ____  8.6
Henry licenta: false, master: true  ____  8.5
Isabel licenta: false, master: true  ____  8.5
Karen licenta: false, master: true  ____  8.5
Larry licenta: false, master: true  ____  8.5
Noah licenta: false, master: true  ____  8.5
Gavin licenta: true, master: false  ____  8.4
Kennedy licenta: true, master: false  ____  8.2
------------------------------->9.1 student ce trebuie bagat 9.0
------------------------------->9.1 student ce trebuie bagat 8.7
------------------------------->8.6 student ce trebuie bagat 8.6
 a intrata 

------------------------------->8.8 student ce trebuie bagat 8.5
------------------------------->8.5 student ce trebuie bagat 8.5
 a intrata 

------------------------------->8.8 student ce trebuie bagat 8.5
------------------------------->8.5 student ce trebuie bagat 8.5
 a intrata 

------------------------------->9.1 student ce trebuie bagat 8.4





 Mate1  Liam medie 9.4   Elijah medie 9.3   Bella medie 9.2   Jayden medie 9.1  Fizica  Fiona medie 8.8   Aiden medie 8.7   Carter medie 8.6   Isla medie 8.6  ALG  Grace medie 9.1   Mia medie 9.1   Jack medie 8.8  DS  Henry medie 8.5   Karen medie 8.5   Noah medie 8.5  Engleza  Harper medie 8.9   Gavin medie 8.4  Economie  Daisy medie 9.0   Kennedy medie 8.2  SE  Isabel medie 8.5   Larry medie 8.5 

Bob licenta: true, master: false  ____  9.2
Frank licenta: true, master: false  ____  8.7
Carol licenta: true, master: false  ____  8.5
Alice licenta: true, master: false  ____  8.0
David licenta: true, master: false  ____  8.0
Emily licenta: true, master: false  ____  8.0
------------------------------->8.7 student ce trebuie bagat 8.5
------------------------------->8.7 student ce trebuie bagat 8.0
------------------------------->8.7 student ce trebuie bagat 8.0
------------------------------->8.0 student ce trebuie bagat 8.0
 a intrata 

------------------------------->8.7 student ce trebuie bagat 8.0
------------------------------->8.0 student ce trebuie bagat 8.0
 a intrata 






 POO  Bob medie 9.2   Frank medie 8.7  SO  Carol medie 8.5   Alice medie 8.0   David medie 8.0   Emily medie 8.0  Mate

Liam licenta: true, master: false  ____  9.4
Bella licenta: true, master: false  ____  9.2
Grace licenta: false, master: true  ____  9.1
Jayden licenta: true, master: false  ____  9.1
Mia licenta: false, master: true  ____  9.1
Daisy licenta: true, master: false  ____  9.0
Harper licenta: true, master: false  ____  8.9
Fiona licenta: true, master: false  ____  8.8
Jack licenta: false, master: true  ____  8.8
Isla licenta: true, master: false  ____  8.6
Isabel licenta: false, master: true  ____  8.5
Larry licenta: false, master: true  ____  8.5
Noah licenta: false, master: true  ____  8.5
Gavin licenta: true, master: false  ____  8.4
Kennedy licenta: true, master: false  ____  8.2
Elijah licenta: true, master: false  ____  7.3
Aiden licenta: true, master: false  ____  6.5
Henry licenta: false, master: true  ____  6.5
Carter licenta: true, master: false  ____  5.5
Karen licenta: false, master: true  ____  5.0
Liam licenta: true, master: false  ____  9.4
Elijah licenta: true, master: false  ____  9.3
Bella licenta: true, master: false  ____  9.2
Grace licenta: false, master: true  ____  9.1
Jayden licenta: true, master: false  ____  9.1
Mia licenta: false, master: true  ____  9.1
Daisy licenta: true, master: false  ____  9.0
Harper licenta: true, master: false  ____  8.9
Fiona licenta: true, master: false  ____  8.8
Jack licenta: false, master: true  ____  8.8
Aiden licenta: true, master: false  ____  8.7
Carter licenta: true, master: false  ____  8.6
Isla licenta: true, master: false  ____  8.6
Henry licenta: false, master: true  ____  8.5
Isabel licenta: false, master: true  ____  8.5
Karen licenta: false, master: true  ____  8.5
Larry licenta: false, master: true  ____  8.5
Noah licenta: false, master: true  ____  8.5
Gavin licenta: true, master: false  ____  8.4
Kennedy licenta: true, master: false  ____  8.2
------------------------------->9.1 student ce trebuie bagat 9.0
------------------------------->9.1 student ce trebuie bagat 8.7
------------------------------->8.6 student ce trebuie bagat 8.6
 a intrata 

------------------------------->8.8 student ce trebuie bagat 8.5
------------------------------->8.5 student ce trebuie bagat 8.5
 a intrata 

------------------------------->8.8 student ce trebuie bagat 8.5
------------------------------->9.1 student ce trebuie bagat 8.4





 Mate1  Liam medie 9.4   Elijah medie 9.3   Bella medie 9.2   Jayden medie 9.1  Fizica  Fiona medie 8.8   Aiden medie 8.7   Carter medie 8.6   Isla medie 8.6  ALG  Grace medie 9.1   Mia medie 9.1   Jack medie 8.8  DS  Henry medie 8.5   Karen medie 8.5   Noah medie 8.5  Engleza  Harper medie 8.9   Gavin medie 8.4  Economie  Daisy medie 9.0   Kennedy medie 8.2  SE  Isabel medie 8.5   Larry medie 8.5 

Bob licenta: true, master: false  ____  9.2
Alice licenta: true, master: false  ____  8.5
Carol licenta: true, master: false  ____  8.0
------------------------------->8.5 student ce trebuie bagat 8.0





 AA  Bob medie 9.2   Alice medie 8.5  SO  Carol medie 8.0  RL

Daniel licenta: false, master: true  ____  10.0
Dragos licenta: false, master: true  ____  9.88
Alice licenta: false, master: true  ____  9.15
Mary licenta: false, master: true  ____  7.73
Russel licenta: false, master: true  ____  7.5
John licenta: false, master: true  ____  6.99
Daniel licenta: false, master: true  ____  10.0
Dragos licenta: false, master: true  ____  9.88
Alice licenta: false, master: true  ____  9.15
Mary licenta: false, master: true  ____  7.73
Russel licenta: false, master: true  ____  7.5
John licenta: false, master: true  ____  6.99
Daniel licenta: false, master: true  ____  10.0
Alice licenta: false, master: true  ____  9.9
Dragos licenta: false, master: true  ____  9.88
Mary licenta: false, master: true  ____  7.73
Russel licenta: false, master: true  ____  7.5
John licenta: false, master: true  ____  7.12
Daniel licenta: false, master: true  ____  10.0
Dragos licenta: false, master: true  ____  9.88
Alice licenta: false, master: true  ____  9.15
Mary licenta: false, master: true  ____  7.73
Russel licenta: false, master: true  ____  7.5
John licenta: false, master: true  ____  6.99
Daniel licenta: false, master: true  ____  10.0
Dragos licenta: false, master: true  ____  9.88
Alice licenta: false, master: true  ____  9.5
Mary licenta: false, master: true  ____  7.73
Russel licenta: false, master: true  ____  7.5
John licenta: false, master: true  ____  7.12
Daniel licenta: false, master: true  ____  10.0
Alice licenta: false, master: true  ____  9.9
Dragos licenta: false, master: true  ____  9.88
Russel licenta: false, master: true  ____  7.8
Mary licenta: false, master: true  ____  7.73
John licenta: false, master: true  ____  7.12
Daniel licenta: false, master: true  ____  10.0
Dragos licenta: false, master: true  ____  9.88
Alice licenta: false, master: true  ____  9.15
Mary licenta: false, master: true  ____  7.73
Russel licenta: false, master: true  ____  7.5
John licenta: false, master: true  ____  6.99
Alice licenta: false, master: true  ____  10.0
Daniel licenta: false, master: true  ____  10.0
Dragos licenta: false, master: true  ____  9.88
John licenta: false, master: true  ____  9.88
Mary licenta: false, master: true  ____  7.73
Russel licenta: false, master: true  ____  7.5
Isla licenta: false, master: true  ____  9.5
Harper licenta: false, master: true  ____  8.8
Bella licenta: true, master: false  ____  8.0
Carter licenta: true, master: false  ____  7.5
Daisy licenta: true, master: false  ____  7.0
Ella licenta: true, master: false  ____  5.5
Fiona licenta: false, master: true  ____  5.0
Gavin licenta: false, master: true  ____  5.0
Jayden licenta: false, master: true  ____  2.6
Aiden licenta: true, master: false  ____  2.5
Fiona licenta: false, master: true  ____  10.0
Aiden licenta: true, master: false  ____  9.5
Isla licenta: false, master: true  ____  9.5
Harper licenta: false, master: true  ____  8.8
Bella licenta: true, master: false  ____  8.0
Carter licenta: true, master: false  ____  7.5
Daisy licenta: true, master: false  ____  7.0
Jayden licenta: false, master: true  ____  5.6
Ella licenta: true, master: false  ____  5.5
Gavin licenta: false, master: true  ____  5.0
------------------------------->8.0 student ce trebuie bagat 7.5
------------------------------->8.0 student ce trebuie bagat 7.0
------------------------------->8.0 student ce trebuie bagat 5.5
------------------------------->5.6 student ce trebuie bagat 5.0





 Mate1  Aiden medie 9.5   Bella medie 8.0  AI  Isla medie 9.5   Harper medie 8.8   Gavin medie 5.0  Mate2  Carter medie 7.5   Daisy medie 7.0  Mate3  Ella medie 5.5  Management  Fiona medie 10.0   Jayden medie 5.6 

Fiona licenta: false, master: true  ____  10.0
Aiden licenta: true, master: false  ____  9.5
Isla licenta: false, master: true  ____  9.5
Harper licenta: false, master: true  ____  8.8
Bella licenta: true, master: false  ____  8.0
Carter licenta: true, master: false  ____  7.5
Daisy licenta: true, master: false  ____  7.0
Jayden licenta: false, master: true  ____  5.6
Ella licenta: true, master: false  ____  5.5
Gavin licenta: false, master: true  ____  5.0
------------------------------->8.0 student ce trebuie bagat 7.5
------------------------------->8.0 student ce trebuie bagat 7.0
------------------------------->8.0 student ce trebuie bagat 5.5
------------------------------->5.6 student ce trebuie bagat 5.0





 Mate1  Aiden medie 9.5   Bella medie 8.0  AI  Isla medie 9.5   Harper medie 8.8   Gavin medie 5.0  Mate2  Carter medie 7.5   Daisy medie 7.0  Mate3  Ella medie 5.5  Management  Fiona medie 10.0   Jayden medie 5.6 

Liam licenta: true, master: false  ____  9.4
Elijah licenta: true, master: false  ____  9.3
Bella licenta: true, master: false  ____  9.2
Grace licenta: false, master: true  ____  9.1
Jayden licenta: true, master: false  ____  9.1
Mia licenta: false, master: true  ____  9.1
Daisy licenta: true, master: false  ____  9.0
Harper licenta: true, master: false  ____  8.9
Fiona licenta: true, master: false  ____  8.8
Jack licenta: false, master: true  ____  8.8
Aiden licenta: true, master: false  ____  8.7
Carter licenta: true, master: false  ____  8.6
Isla licenta: true, master: false  ____  8.6
Henry licenta: false, master: true  ____  8.5
Isabel licenta: false, master: true  ____  8.5
Karen licenta: false, master: true  ____  8.5
Larry licenta: false, master: true  ____  8.5
Noah licenta: false, master: true  ____  8.5
Gavin licenta: true, master: false  ____  8.4
Kennedy licenta: true, master: false  ____  8.2
------------------------------->9.1 student ce trebuie bagat 9.0
------------------------------->9.1 student ce trebuie bagat 8.7
------------------------------->8.6 student ce trebuie bagat 8.6
 a intrata 

------------------------------->8.8 student ce trebuie bagat 8.5
------------------------------->8.8 student ce trebuie bagat 8.5
------------------------------->8.5 student ce trebuie bagat 8.5
 a intrata 

------------------------------->9.1 student ce trebuie bagat 8.4





 Mate1  Liam medie 9.4   Elijah medie 9.3   Bella medie 9.2   Jayden medie 9.1  Fizica  Fiona medie 8.8   Aiden medie 8.7   Carter medie 8.6   Isla medie 8.6  ALG  Grace medie 9.1   Mia medie 9.1   Jack medie 8.8  DS  Henry medie 8.5   Karen medie 8.5   Noah medie 8.5  Engleza  Harper medie 8.9   Gavin medie 8.4  Economie  Daisy medie 9.0   Kennedy medie 8.2  SE  Isabel medie 8.5   Larry medie 8.5 

Daniel licenta: false, master: true  ____  10.0
Dorin licenta: false, master: true  ____  9.88
Alina licenta: false, master: true  ____  9.15
Mara licenta: false, master: true  ____  7.73
Razvan licenta: false, master: true  ____  7.5
Ion licenta: false, master: true  ____  6.99
]]></system-out>
  <system-err><![CDATA[]]></system-err>
</testsuite>
