<?xml version="1.0" encoding="UTF-8"?>
<testsuite name="org.example.TestMain" tests="12" skipped="0" failures="0" errors="0" timestamp="2023-12-22T14:37:22" hostname="LAPTOP-LRKUTFC6" time="0.488">
  <properties/>
  <testcase name="coliziuniCicluStudiiContestatii10()" classname="org.example.TestMain" time="0.117"/>
  <testcase name="coliziuniMedie08()" classname="org.example.TestMain" time="0.025"/>
  <testcase name="toateFunctionalitatile12()" classname="org.example.TestMain" time="0.073"/>
  <testcase name="inroleazaSimplu05()" classname="org.example.TestMain" time="0.021"/>
  <testcase name="posteazaMedii01()" classname="org.example.TestMain" time="0.017"/>
  <testcase name="posteazaMediiContestatii02()" classname="org.example.TestMain" time="0.031"/>
  <testcase name="posteazaMediiContestatii03()" classname="org.example.TestMain" time="0.03"/>
  <testcase name="posteazaMediiContestatii04()" classname="org.example.TestMain" time="0.023"/>
  <testcase name="inroleazaCicluStudiiContestatii07()" classname="org.example.TestMain" time="0.042"/>
  <testcase name="inroleazaCicluStudii06()" classname="org.example.TestMain" time="0.025"/>
  <testcase name="coliziuniCicluStudii09()" classname="org.example.TestMain" time="0.04"/>
  <testcase name="exceptieSimplu11()" classname="org.example.TestMain" time="0.018"/>
  <system-out><![CDATA[]]></system-out>
  <system-err><![CDATA[]]></system-err>
</testsuite>
